CRITICAL - 2023-10-01 03:15:23 --> Call to undefined function set_value()
in APPPATH\Views\admin\register.php on line 21.
 1 SYSTEMPATH\View\View.php(226): include()
 2 SYSTEMPATH\View\View.php(229): CodeIgniter\View\View->CodeIgniter\View\{closure}()
 3 SYSTEMPATH\View\View.php(467): CodeIgniter\View\View->render('admin/register', null, true)
 4 APPPATH\Views\admin.php(3): CodeIgniter\View\View->include('admin/register')
 5 SYSTEMPATH\View\View.php(226): include('C:\\laragon\\www\\lab3\\app\\Views\\admin.php')
 6 SYSTEMPATH\View\View.php(229): CodeIgniter\View\View->CodeIgniter\View\{closure}()
 7 SYSTEMPATH\Common.php(1188): CodeIgniter\View\View->render('admin', [], true)
 8 APPPATH\Controllers\UserController.php(17): view('admin')
 9 SYSTEMPATH\CodeIgniter.php(919): App\Controllers\UserController->admin()
10 SYSTEMPATH\CodeIgniter.php(494): CodeIgniter\CodeIgniter->runController(Object(App\Controllers\UserController))
11 SYSTEMPATH\CodeIgniter.php(353): CodeIgniter\CodeIgniter->handleRequest(null, Object(Config\Cache), false)
12 FCPATH\index.php(79): CodeIgniter\CodeIgniter->run()
13 SYSTEMPATH\Commands\Server\rewrite.php(47): require_once('C:\\laragon\\www\\lab3\\public\\index.php')
CRITICAL - 2023-10-01 03:15:53 --> Call to undefined function set_value()
in APPPATH\Views\admin\signin.php on line 21.
 1 SYSTEMPATH\View\View.php(226): include()
 2 SYSTEMPATH\View\View.php(229): CodeIgniter\View\View->CodeIgniter\View\{closure}()
 3 SYSTEMPATH\View\View.php(467): CodeIgniter\View\View->render('admin/signin', null, true)
 4 APPPATH\Views\admin.php(4): CodeIgniter\View\View->include('admin/signin')
 5 SYSTEMPATH\View\View.php(226): include('C:\\laragon\\www\\lab3\\app\\Views\\admin.php')
 6 SYSTEMPATH\View\View.php(229): CodeIgniter\View\View->CodeIgniter\View\{closure}()
 7 SYSTEMPATH\Common.php(1188): CodeIgniter\View\View->render('admin', [], true)
 8 APPPATH\Controllers\UserController.php(17): view('admin')
 9 SYSTEMPATH\CodeIgniter.php(919): App\Controllers\UserController->admin()
10 SYSTEMPATH\CodeIgniter.php(494): CodeIgniter\CodeIgniter->runController(Object(App\Controllers\UserController))
11 SYSTEMPATH\CodeIgniter.php(353): CodeIgniter\CodeIgniter->handleRequest(null, Object(Config\Cache), false)
12 FCPATH\index.php(79): CodeIgniter\CodeIgniter->run()
13 SYSTEMPATH\Commands\Server\rewrite.php(47): require_once('C:\\laragon\\www\\lab3\\public\\index.php')
CRITICAL - 2023-10-01 03:23:38 --> Undefined variable $product
in APPPATH\Views\products\edit.php on line 10.
 1 APPPATH\Views\products\edit.php(10): CodeIgniter\Debug\Exceptions->errorHandler(2, 'Undefined variable $product', 'C:\\laragon\\www\\lab3\\app\\Views\\products\\edit.php', 10)
 2 SYSTEMPATH\View\View.php(226): include('C:\\laragon\\www\\lab3\\app\\Views\\products\\edit.php')
 3 SYSTEMPATH\View\View.php(229): CodeIgniter\View\View->CodeIgniter\View\{closure}()
 4 SYSTEMPATH\Common.php(1188): CodeIgniter\View\View->render('products/edit', [], true)
 5 APPPATH\Controllers\ProductController.php(47): view('products/edit', [...])
 6 SYSTEMPATH\CodeIgniter.php(919): App\Controllers\ProductController->edit('6')
 7 SYSTEMPATH\CodeIgniter.php(494): CodeIgniter\CodeIgniter->runController(Object(App\Controllers\ProductController))
 8 SYSTEMPATH\CodeIgniter.php(353): CodeIgniter\CodeIgniter->handleRequest(null, Object(Config\Cache), false)
 9 FCPATH\index.php(79): CodeIgniter\CodeIgniter->run()
10 SYSTEMPATH\Commands\Server\rewrite.php(47): require_once('C:\\laragon\\www\\lab3\\public\\index.php')
CRITICAL - 2023-10-01 03:25:11 --> Undefined variable $product
in APPPATH\Views\products\edit.php on line 10.
 1 APPPATH\Views\products\edit.php(10): CodeIgniter\Debug\Exceptions->errorHandler(2, 'Undefined variable $product', 'C:\\laragon\\www\\lab3\\app\\Views\\products\\edit.php', 10)
 2 SYSTEMPATH\View\View.php(226): include('C:\\laragon\\www\\lab3\\app\\Views\\products\\edit.php')
 3 SYSTEMPATH\View\View.php(229): CodeIgniter\View\View->CodeIgniter\View\{closure}()
 4 SYSTEMPATH\Common.php(1188): CodeIgniter\View\View->render('products/edit', [], true)
 5 APPPATH\Controllers\ProductController.php(47): view('products/edit', [...])
 6 SYSTEMPATH\CodeIgniter.php(919): App\Controllers\ProductController->edit('6')
 7 SYSTEMPATH\CodeIgniter.php(494): CodeIgniter\CodeIgniter->runController(Object(App\Controllers\ProductController))
 8 SYSTEMPATH\CodeIgniter.php(353): CodeIgniter\CodeIgniter->handleRequest(null, Object(Config\Cache), false)
 9 FCPATH\index.php(79): CodeIgniter\CodeIgniter->run()
10 SYSTEMPATH\Commands\Server\rewrite.php(47): require_once('C:\\laragon\\www\\lab3\\public\\index.php')
